<?xml version="1.0" encoding="UTF-8"?>
<!-- Generated by org.testng.reporters.JUnitReportReporter -->
<testsuite hostname="FARHAN" failures="0" tests="1" name="com.Runner.AutomationPracticeRunnerFile" time="1.868" errors="1" timestamp="2021-02-16T04:08:06 EST" skipped="0">
  <testcase classname="com.Runner.AutomationPracticeRunnerFile" name="runScenario" time="1.868">
    <error message="Cannot invoke &quot;org.openqa.selenium.WebDriver.get(String)&quot; because &quot;this.driver&quot; is null" type="java.lang.NullPointerException">
      <![CDATA[java.lang.NullPointerException: Cannot invoke "org.openqa.selenium.WebDriver.get(String)" because "this.driver" is null
at com.StepDefination.AutomationPractice.sendURL(AutomationPractice.java:33)
at ✽.Send URL(file:Features/point72.feature:10)
]]>
    </error>
  </testcase> <!-- runScenario -->
  <system-out/>
</testsuite> <!-- com.Runner.AutomationPracticeRunnerFile -->
